FlashPro
Version: 11.9.0.4
Release: v11.9

Software Version: 11.9.0.4
PDB file 'C:\Users\mmanceor\Downloads\LED\LED\designer\impl1\TOP_fp\TOP.pdb' has been loaded
successfully.
DESIGN : TOP;  CHECKSUM : D422;  PDB_VERSION : 1.9
Driver : 3.0.0 build 1
programmer '79052' : FlashPro3
Opened 'C:\Users\mmanceor\Downloads\LED\LED\designer\impl1\TOP_fp\TOP.pro'
The 'open_project' command succeeded.
The 'set_programming_file' command succeeded.
The 'set_device_type' command succeeded.
The 'set_device_package' command succeeded.
Info: Adding Flash Memory data from file
      C:\Users\mmanceor\Downloads\LED\LED\component\work\MSS01\MSS_ENVM_0\MSS_ENVM_0.efc.
Info: Adding FPGA Array data from file
      C:\Users\mmanceor\Downloads\LED\LED\designer\impl1\TOP.fdb.
PDB file 'C:\Users\mmanceor\Downloads\LED\LED\designer\impl1\TOP_fp\TOP.pdb' has been loaded
successfully.
DESIGN : TOP;  CHECKSUM : D422;  PDB_VERSION : 1.9
The 'update_programming_file' command succeeded.
The 'set_programming_action' command succeeded.
programmer '79052' : Scan Chain...
Warning: programmer '79052' : Vpump has been selected on programmer AND an externally provided
         Vpump has also been detected. Using externally provided Vpump voltage source.
programmer '79052' : Scan Chain PASSED.
programmer '79052' : Executing action PROGRAM
programmer '79052' : EXPORT FSN[48] = 014b3e645040
programmer '79052' : Erase ...
programmer '79052' : Completed erase
programmer '79052' : EXPORT CHECKSUM[16] = d422
programmer '79052' : Programming FPGA Array
programmer '79052' : Verifying FPGA Array
programmer '79052' :         Verifying FPGA Array -- pass
programmer '79052' : Program System Init and Boot Clients...
programmer '79052' : Verify System Init and Boot Clients...
programmer '79052' : Finished: Thu Apr 11 17:14:39 2019 (Elapsed time 00:00:34)
programmer '79052' : Executing action PROGRAM PASSED.

                        o - o - o - o - o - o

The 'run_selected_actions' command succeeded.
Project saved.
The 'save_project' command succeeded.
Project closed.
