
Starting:    C:\Microsemi\Libero_SoC_v11.9\SynplifyPro\bin64\mbin\synbatch.exe
Install:     C:\Microsemi\Libero_SoC_v11.9\SynplifyPro
Hostname:    EECS373-03
Date:        Mon Apr 15 13:41:59 2019
Version:     L-2016.09M-SP1-5

Arguments:   -product synplify_pro -licensetype synplifypro_actel -batch -log synplify.log TOP_syn.tcl
ProductType: synplify_pro

License checkout: synplifypro_actel
License: synplifypro_actel node-locked 
Licensed Vendor: actel
License Option: actel_oem

Running in Vendor Mode


auto_infer_blackbox is not supported in current product.

log file: "C:\Users\mtstacho\Desktop\LED\synthesis\TOP.srr"

Running: synthesis in foreground



Running TOP_syn|synthesis


Running: compile (Compile) on TOP_syn|synthesis
# Mon Apr 15 13:41:59 2019


Running: compile_flow (Compile Process) on TOP_syn|synthesis
# Mon Apr 15 13:41:59 2019


Running: compiler (Compile Input) on TOP_syn|synthesis
# Mon Apr 15 13:41:59 2019

Copied C:\Users\mtstacho\Desktop\LED\synthesis\synwork\TOP_comp.srs to C:\Users\mtstacho\Desktop\LED\synthesis\TOP.srs


compiler completed
# Mon Apr 15 13:42:00 2019

Return Code: 0
Run Time:00h:00m:01s


Running: multi_srs_gen (Multi-srs Generator) on TOP_syn|synthesis
# Mon Apr 15 13:42:00 2019


multi_srs_gen completed
# Mon Apr 15 13:42:00 2019

Return Code: 0
Run Time:00h:00m:00s

Copied C:\Users\mtstacho\Desktop\LED\synthesis\synwork\TOP_mult.srs to C:\Users\mtstacho\Desktop\LED\synthesis\TOP.srs

Complete: Compile Process on TOP_syn|synthesis


Running: premap (Pre-mapping) on TOP_syn|synthesis
# Mon Apr 15 13:42:00 2019


premap completed
# Mon Apr 15 13:42:01 2019

Return Code: 0
Run Time:00h:00m:01s

Complete: Compile on TOP_syn|synthesis


Running: map (Map) on TOP_syn|synthesis
# Mon Apr 15 13:42:01 2019

License granted for 4 parallel jobs


Running: fpga_mapper (Map & Optimize) on TOP_syn|synthesis
# Mon Apr 15 13:42:01 2019

Copied C:\Users\mtstacho\Desktop\LED\synthesis\synwork\TOP_m.srm to C:\Users\mtstacho\Desktop\LED\synthesis\TOP.srm


fpga_mapper completed
# Mon Apr 15 13:42:02 2019

Return Code: 0
Run Time:00h:00m:01s

Complete: Map on TOP_syn|synthesis

Complete: Logic Synthesis on TOP_syn|synthesis

TCL script complete: "TOP_syn.tcl"

exit status=0

exit status=0

License checkin: synplifypro_actel

